<?xml version="1.0" encoding="UTF-8"?>
<!-- Generated by org.testng.reporters.JUnitReportReporter -->
<testsuite hostname="PRASANNA" failures="0" tests="1" name="POM.VTiger_WelComePage" time="3.220" errors="0" timestamp="2025-03-22T15:09:28 IST" skipped="0">
  <testcase classname="POM.VTiger_WelComePage" name="VTiger_WelComePageTest" time="3.220"/>
</testsuite> <!-- POM.VTiger_WelComePage -->
