<?xml version="1.0" encoding="UTF-8"?>
<!-- Generated by org.testng.reporters.JUnitReportReporter -->
<testsuite hostname="PRASANNA" failures="0" tests="1" name="Leads.Create_Lead" time="27.580" errors="0" timestamp="2025-04-06T19:33:49 IST" skipped="0">
  <testcase classname="Leads.Create_Lead" name="CreateLead_Test" time="27.580"/>
</testsuite> <!-- Leads.Create_Lead -->
