<?xml version="1.0" encoding="UTF-8"?>
<!-- Generated by org.testng.reporters.JUnitReportReporter -->
<testsuite hostname="PRASANNA" failures="0" tests="1" name="Contacts.Contact_ScenarioTest" time="23.440" errors="0" timestamp="2025-04-22T11:12:01 IST" skipped="0">
  <testcase classname="Contacts.Contact_ScenarioTest" name="Create_Contact_Test" time="23.440">
    <system-out>
      <![CDATA[Create_Contact_Test--Started--
Create_Contact_Test--Success--]]>
    </system-out>
  </testcase> <!-- Create_Contact_Test -->
  <system-out>
    <![CDATA[Report configuration
Configure the DB:Connect
BT:Parallel Exe
Launch the browser
Login to the appln
Create_Contact_Test--Started--
Create_Contact_Test--Success--
Logout to the appln
close the browser
Launch the browser
Login to the appln
Create_organisation_Test--Started--
Create_organisation_Test--Success--
Logout to the appln
close the browser
AT:Parallel Exe
Close the DB Connection]]>
  </system-out>
</testsuite> <!-- Contacts.Contact_ScenarioTest -->
