<?xml version="1.0" encoding="UTF-8"?>
<!-- Generated by org.testng.reporters.JUnitReportReporter -->
<testsuite hostname="PRASANNA" failures="0" tests="1" name="organization.FetchDataFromPropertyfile" time="0.011" errors="0" timestamp="2025-03-20T14:35:02 IST" skipped="0">
  <testcase classname="organization.FetchDataFromPropertyfile" name="FetchDataFromPfileTest" time="0.011"/>
</testsuite> <!-- organization.FetchDataFromPropertyfile -->
