<?xml version="1.0" encoding="UTF-8"?>
<!-- Generated by org.testng.reporters.JUnitReportReporter -->
<testsuite hostname="PRASANNA" failures="0" tests="1" name="ExtentReports.UsingExtentReports" time="2.913" errors="0" timestamp="2025-04-14T14:53:13 IST" skipped="0">
  <testcase classname="ExtentReports.UsingExtentReports" name="demo" time="2.913"/>
</testsuite> <!-- ExtentReports.UsingExtentReports -->
