<?xml version="1.0" encoding="UTF-8"?>
<!-- Generated by org.testng.reporters.JUnitReportReporter -->
<testsuite hostname="PRASANNA" failures="0" tests="1" name="organization.Create_With_Industry" time="38.827" errors="0" timestamp="2025-03-20T13:55:32 IST" skipped="0">
  <testcase classname="organization.Create_With_Industry" name="Create_With_IndustryTest" time="38.827"/>
</testsuite> <!-- organization.Create_With_Industry -->
