<?xml version="1.0" encoding="UTF-8"?>
<!-- Generated by org.testng.reporters.JUnitReportReporter -->
<testsuite hostname="PRASANNA" failures="0" tests="3" name="Contacts.Contact_Scenario" time="139.802" errors="0" timestamp="2025-04-18T13:57:15 IST" skipped="0">
  <testcase classname="Contacts.Contact_Scenario" name="Create_ContSD_ED" time="25.343">
    <system-out>
      <![CDATA[Create_ContSD_ED--Started--
Create_ContSD_ED--Success--]]>
    </system-out>
  </testcase> <!-- Create_ContSD_ED -->
  <testcase classname="Contacts.Contact_Scenario" name="Create_Contact_Test" time="25.943">
    <system-out>
      <![CDATA[Create_Contact_Test--Started--
Create_Contact_Test--Success--]]>
    </system-out>
  </testcase> <!-- Create_Contact_Test -->
  <testcase classname="Contacts.Contact_Scenario" name="Create_Con_Orgname" time="88.516">
    <system-out>
      <![CDATA[Create_Con_Orgname--Started--
Create_Con_Orgname--Success--]]>
    </system-out>
  </testcase> <!-- Create_Con_Orgname -->
  <system-out>
    <![CDATA[Report configuration
Configure the DB:Connect
BT:Parallel Exe
Launch the browser
Login to the appln
Create_Con_Orgname--Started--
Create_Con_Orgname--Success--
Logout to the appln
Login to the appln
Create_ContSD_ED--Started--
Create_ContSD_ED--Success--
Logout to the appln
Login to the appln
Create_Contact_Test--Started--
Create_Contact_Test--Success--
Logout to the appln
close the browser
AT:Parallel Exe
Close the DB Connection]]>
  </system-out>
</testsuite> <!-- Contacts.Contact_Scenario -->
