<?xml version="1.0" encoding="UTF-8"?>
<!-- Generated by org.testng.reporters.JUnitReportReporter -->
<testsuite hostname="PRASANNA" failures="0" tests="2" name="Contacts.Create_ContactwithSD_ED" time="45.706" errors="0" timestamp="2025-04-07T14:27:53 IST" skipped="0">
  <testcase classname="Contacts.Create_ContactwithSD_ED" name="Create_ContSD_ED" time="19.984"/>
  <testcase classname="Contacts.Create_ContactwithSD_ED" name="Create_ContSD_ED" time="25.722"/>
</testsuite> <!-- Contacts.Create_ContactwithSD_ED -->
