<?xml version="1.0" encoding="UTF-8"?>
<!-- Generated by org.testng.reporters.JUnitReportReporter -->
<testsuite hostname="PRASANNA" failures="0" tests="2" name="Contacts.Create_Cont_Orgname" time="53.472" errors="0" timestamp="2025-04-07T14:27:53 IST" skipped="0">
  <testcase classname="Contacts.Create_Cont_Orgname" name="Create_Con_Orgname" time="28.502"/>
  <testcase classname="Contacts.Create_Cont_Orgname" name="Create_Con_Orgname" time="24.970"/>
</testsuite> <!-- Contacts.Create_Cont_Orgname -->
