<?xml version="1.0" encoding="UTF-8"?>
<!-- Generated by org.testng.reporters.JUnitReportReporter -->
<testsuite hostname="PRASANNA" failures="0" tests="1" name="organization.Create_Organisation" time="21.577" errors="0" timestamp="2025-04-05T15:33:04 IST" skipped="0">
  <testcase classname="organization.Create_Organisation" name="Create_organisation_Test" time="21.577"/>
</testsuite> <!-- organization.Create_Organisation -->
